<?xml version="1.0" encoding="UTF-8"?>
<testng-results ignored="0" total="1" passed="1" failed="0" skipped="0">
  <reporter-output>
  </reporter-output>
  <suite started-at="2025-08-20T16:16:49 IST" name="Default suite" finished-at="2025-08-20T16:16:57 IST" duration-ms="7927">
    <groups>
    </groups>
    <test started-at="2025-08-20T16:16:49 IST" name="Default test" finished-at="2025-08-20T16:16:57 IST" duration-ms="7927">
      <class name="tests.LoginTest">
        <test-method is-config="true" signature="setUp()[pri:0, instance:tests.LoginTest@145f66e3]" started-at="2025-08-20T16:16:50 IST" name="setUp" finished-at="2025-08-20T16:16:57 IST" duration-ms="7190" status="PASS">
          <reporter-output>
          </reporter-output>
        </test-method> <!-- setUp -->
        <test-method signature="testLogin()[pri:0, instance:tests.LoginTest@145f66e3]" started-at="2025-08-20T16:16:57 IST" name="testLogin" finished-at="2025-08-20T16:16:57 IST" duration-ms="394" status="PASS">
          <reporter-output>
          </reporter-output>
        </test-method> <!-- testLogin -->
        <test-method is-config="true" signature="tearDown()[pri:0, instance:tests.LoginTest@145f66e3]" started-at="2025-08-20T16:16:57 IST" name="tearDown" finished-at="2025-08-20T16:16:57 IST" duration-ms="272" status="PASS">
          <reporter-output>
          </reporter-output>
        </test-method> <!-- tearDown -->
      </class> <!-- tests.LoginTest -->
    </test> <!-- Default test -->
  </suite> <!-- Default suite -->
</testng-results>
